#
# A fatal error has been detected by the Java Runtime Environment:
#
#  SIGSEGV (0xb) at pc=0xb6dc0380, pid=7498, tid=3063565168
#
# JRE version: 6.0_32-b05
# Java VM: Java HotSpot(TM) Server VM (20.7-b02 mixed mode linux-x86 )
# Problematic frame:
# V  [libjvm.so+0x3f5380]  unsigned+0xe0
#
# If you would like to submit a bug report, please visit:
#   http://java.sun.com/webapps/bugreport/crash.jsp
#

---------------  T H R E A D  ---------------

Current thread (0x09939c00):  JavaThread "main" [_thread_in_vm, id=7503, stack(0xb6954000,0xb69a5000)]

siginfo:si_signo=SIGSEGV: si_errno=0, si_code=1 (SEGV_MAPERR), si_addr=0x00000000

Registers:
EAX=0x00000000, EBX=0xb71cdbc8, ECX=0xa3c41098, EDX=0x09939c00
ESP=0xb69a3ee0, EBP=0xb69a3f68, ESI=0xb69a3ef0, EDI=0xa3c41098
EIP=0xb6dc0380, EFLAGS=0x00010282, CR2=0x00000000

Top of Stack: (sp=0xb69a3ee0)
0xb69a3ee0:   0993a464 43532551 b69a3f20 09939c00
0xb69a3ef0:   09939c00 b69a3f30 b69a3f78 b6dbd3e1
0xb69a3f00:   09939d20 099b6af0 09934228 b6919410
0xb69a3f10:   0000000c 09939c00 00000000 00000000
0xb69a3f20:   09939c00 0993a460 0000052c b714ba00
0xb69a3f30:   09939c00 00000000 14333339 00000000
0xb69a3f40:   09939c00 0993a460 b6918ed5 00000001
0xb69a3f50:   09939c00 099375a0 805b5380 805b5c78 

Instructions: (pc=0xb6dc0380)
0xb6dc0360:   b8 c7 45 bc 00 00 00 00 8b 78 04 85 ff 0f 85 2d
0xb6dc0370:   02 00 00 8b 45 10 8d 75 88 c7 45 a8 0c 00 00 00
0xb6dc0380:   8b 08 8d 7d a8 8b 41 08 8b 51 0c 83 c2 28 66 8b
0xb6dc0390:   40 2a 51 25 ff ff 00 00 8b 04 82 50 8b 45 84 50 

Register to memory mapping:

EAX=0x00000000 is an unknown value
EBX=0xb71cdbc8: <offset 0x802bc8> in /home/lzero/jdk1.6.0_32/jre/lib/i386/server/libjvm.so at 0xb69cb000
ECX=0xa3c41098 is an oop
java.lang.NoSuchMethodError 
 - klass: 'java/lang/NoSuchMethodError'
EDX=0x09939c00 is a thread
ESP=0xb69a3ee0 is pointing into the stack for thread: 0x09939c00
EBP=0xb69a3f68 is pointing into the stack for thread: 0x09939c00
ESI=0xb69a3ef0 is pointing into the stack for thread: 0x09939c00
EDI=0xa3c41098 is an oop
java.lang.NoSuchMethodError 
 - klass: 'java/lang/NoSuchMethodError'


Stack: [0xb6954000,0xb69a5000],  sp=0xb69a3ee0,  free space=319k
Native frames: (J=compiled Java code, j=interpreted, Vv=VM code, C=native code)
V  [libjvm.so+0x3f5380]  unsigned+0xe0
C  [libTmsCheckLimited.so+0x1164]  JNIEnv_::CallObjectMethod(_jobject*, _jmethodID*, ...)+0x34
C  [libTmsCheckLimited.so+0xf66]  Java_com_test_des_DesTest_DevOrResStr__Lcom_test_des_DesUtil_2Ljava_lang_String_2Ljava_lang_String_2Ljava_security_Key_2Z+0x91
j  com.test.des.DesTest.DevOrResStr(Lcom/test/des/DesUtil;Ljava/lang/String;Ljava/lang/String;Ljava/security/Key;Z)Ljava/lang/String;+0
j  com.test.des.DesTest.main([Ljava/lang/String;)V+52
v  ~StubRoutines::call_stub
V  [libjvm.so+0x3e0da1]  JavaCalls::call_helper(JavaValue*, methodHandle*, JavaCallArguments*, Thread*)+0x1c1
V  [libjvm.so+0x5e2388]  os::os_exception_wrapper(void (*)(JavaValue*, methodHandle*, JavaCallArguments*, Thread*), JavaValue*, methodHandle*, JavaCallArguments*, Thread*)+0x18
V  [libjvm.so+0x3e0bcf]  JavaCalls::call(JavaValue*, methodHandle, JavaCallArguments*, Thread*)+0x2f
V  [libjvm.so+0x415114]  jni_invoke_static(JNIEnv_*, JavaValue*, _jobject*, JNICallType, _jmethodID*, JNI_ArgumentPusher*, Thread*)+0x124
V  [libjvm.so+0x40473c]  unsigned+0x14c
C  [java+0x1b98]  JavaMain+0x2c8
C  [libpthread.so.0+0x596e]  short+0xbe

Java frames: (J=compiled Java code, j=interpreted, Vv=VM code)
j  com.test.des.DesTest.DevOrResStr(Lcom/test/des/DesUtil;Ljava/lang/String;Ljava/lang/String;Ljava/security/Key;Z)Ljava/lang/String;+0
j  com.test.des.DesTest.main([Ljava/lang/String;)V+52
v  ~StubRoutines::call_stub

---------------  P R O C E S S  ---------------

Java Threads: ( => current thread )
  0x099dbc00 JavaThread "Low Memory Detector" daemon [_thread_blocked, id=7512, stack(0x7fb6f000,0x7fbc0000)]
  0x099d0400 JavaThread "C2 CompilerThread1" daemon [_thread_blocked, id=7511, stack(0x7fbc0000,0x7fc41000)]
  0x099ce400 JavaThread "C2 CompilerThread0" daemon [_thread_blocked, id=7510, stack(0x7fc41000,0x7fcc2000)]
  0x099ccc00 JavaThread "Signal Dispatcher" daemon [_thread_blocked, id=7509, stack(0x7fcc2000,0x7fd13000)]
  0x099bac00 JavaThread "Finalizer" daemon [_thread_blocked, id=7508, stack(0x7fd59000,0x7fdaa000)]
  0x099b9400 JavaThread "Reference Handler" daemon [_thread_blocked, id=7507, stack(0x7fdaa000,0x7fdfb000)]
=>0x09939c00 JavaThread "main" [_thread_in_vm, id=7503, stack(0xb6954000,0xb69a5000)]

Other Threads:
  0x099b5800 VMThread [stack: 0x7fdfb000,0x7fe7c000] [id=7506]
  0x099dd800 WatcherThread [stack: 0x7faee000,0x7fb6f000] [id=7513]

VM state:not at safepoint (normal execution)

VM Mutex/Monitor currently owned by a thread: None

Heap
 PSYoungGen      total 14144K, used 486K [0xa3c00000, 0xa4bc0000, 0xb3800000)
  eden space 12160K, 4% used [0xa3c00000,0xa3c799c0,0xa47e0000)
  from space 1984K, 0% used [0xa49d0000,0xa49d0000,0xa4bc0000)
  to   space 1984K, 0% used [0xa47e0000,0xa47e0000,0xa49d0000)
 PSOldGen        total 32256K, used 0K [0x84400000, 0x86380000, 0xa3c00000)
  object space 32256K, 0% used [0x84400000,0x84400000,0x86380000)
 PSPermGen       total 16384K, used 2022K [0x80400000, 0x81400000, 0x84400000)
  object space 16384K, 12% used [0x80400000,0x805f98e0,0x81400000)

Code Cache  [0xb38cc000, 0xb3b0c000, 0xb68cc000)
 total_blobs=91 nmethods=0 adapters=59 free_code_cache=50038784 largest_free_block=0

Dynamic libraries:
08048000-08052000 r-xp 00000000 08:01 269107     /home/lzero/jdk1.6.0_32/bin/java
08052000-08053000 rwxp 00009000 08:01 269107     /home/lzero/jdk1.6.0_32/bin/java
09934000-09a17000 rwxp 00000000 00:00 0          [heap]
7f9cc000-7f9e9000 r-xp 00000000 08:01 266496     /lib/libgcc_s.so.1
7f9e9000-7f9ea000 r-xp 0001c000 08:01 266496     /lib/libgcc_s.so.1
7f9ea000-7f9eb000 rwxp 0001d000 08:01 266496     /lib/libgcc_s.so.1
7f9eb000-7fad4000 r-xp 00000000 08:01 1070951    /usr/lib/libstdc++.so.6.0.13
7fad4000-7fad8000 r-xp 000e9000 08:01 1070951    /usr/lib/libstdc++.so.6.0.13
7fad8000-7fad9000 rwxp 000ed000 08:01 1070951    /usr/lib/libstdc++.so.6.0.13
7fad9000-7fae0000 rwxp 00000000 00:00 0 
7faee000-7faef000 ---p 00000000 00:00 0 
7faef000-7fb6f000 rwxp 00000000 00:00 0 
7fb6f000-7fb72000 ---p 00000000 00:00 0 
7fb72000-7fbc0000 rwxp 00000000 00:00 0 
7fbc0000-7fbc3000 ---p 00000000 00:00 0 
7fbc3000-7fc41000 rwxp 00000000 00:00 0 
7fc41000-7fc44000 ---p 00000000 00:00 0 
7fc44000-7fcc2000 rwxp 00000000 00:00 0 
7fcc2000-7fcc5000 ---p 00000000 00:00 0 
7fcc5000-7fd13000 rwxp 00000000 00:00 0 
7fd13000-7fd1a000 r-xs 00000000 08:01 1055207    /usr/lib/gconv/gconv-modules.cache
7fd1a000-7fd59000 r-xp 00000000 08:01 58954      /usr/lib/locale/zh_CN.utf8/LC_CTYPE
7fd59000-7fd5c000 ---p 00000000 00:00 0 
7fd5c000-7fdaa000 rwxp 00000000 00:00 0 
7fdaa000-7fdad000 ---p 00000000 00:00 0 
7fdad000-7fdfb000 rwxp 00000000 00:00 0 
7fdfb000-7fdfc000 ---p 00000000 00:00 0 
7fdfc000-7feb0000 rwxp 00000000 00:00 0 
7feb0000-80047000 r-xs 03079000 08:01 272767     /home/lzero/jdk1.6.0_32/jre/lib/rt.jar
80047000-80048000 ---p 00000000 00:00 0 
80048000-800c8000 rwxp 00000000 00:00 0 
800c8000-800c9000 ---p 00000000 00:00 0 
800c9000-80151000 rwxp 00000000 00:00 0 
80151000-80169000 rwxp 00000000 00:00 0 
80169000-80179000 rwxp 00000000 00:00 0 
80179000-80265000 rwxp 00000000 00:00 0 
80265000-8026d000 rwxp 00000000 00:00 0 
8026d000-80285000 rwxp 00000000 00:00 0 
80285000-80295000 rwxp 00000000 00:00 0 
80295000-80381000 rwxp 00000000 00:00 0 
80381000-80389000 rwxp 00000000 00:00 0 
80389000-803ff000 rwxp 00000000 00:00 0 
803ff000-81400000 rwxp 00000000 00:00 0 
81400000-84400000 rwxp 00000000 00:00 0 
84400000-86380000 rwxp 00000000 00:00 0 
86380000-a3c00000 rwxp 00000000 00:00 0 
a3c00000-a4bc0000 rwxp 00000000 00:00 0 
a4bc0000-b3800000 rwxp 00000000 00:00 0 
b380c000-b3815000 rwxp 00000000 00:00 0 
b3815000-b38cc000 rwxp 00000000 00:00 0 
b38cc000-b3b0c000 rwxp 00000000 00:00 0 
b3b0c000-b68cc000 rwxp 00000000 00:00 0 
b68cc000-b68db000 r-xp 00000000 08:01 267828     /home/lzero/jdk1.6.0_32/jre/lib/i386/libzip.so
b68db000-b68dd000 rwxp 0000e000 08:01 267828     /home/lzero/jdk1.6.0_32/jre/lib/i386/libzip.so
b68dd000-b68e7000 r-xp 00000000 08:01 266737     /lib/tls/i686/cmov/libnss_files-2.11.1.so
b68e7000-b68e8000 r-xp 00009000 08:01 266737     /lib/tls/i686/cmov/libnss_files-2.11.1.so
b68e8000-b68e9000 rwxp 0000a000 08:01 266737     /lib/tls/i686/cmov/libnss_files-2.11.1.so
b68e9000-b68f1000 r-xp 00000000 08:01 266741     /lib/tls/i686/cmov/libnss_nis-2.11.1.so
b68f1000-b68f2000 r-xp 00007000 08:01 266741     /lib/tls/i686/cmov/libnss_nis-2.11.1.so
b68f2000-b68f3000 rwxp 00008000 08:01 266741     /lib/tls/i686/cmov/libnss_nis-2.11.1.so
b68f6000-b68f9000 r-xs 00013000 08:01 267884     /home/lzero/jdk1.6.0_32/jre/lib/jce.jar
b68f9000-b6901000 rwxs 00000000 08:01 270109     /tmp/hsperfdata_lzero/7498
b6901000-b6914000 r-xp 00000000 08:01 266731     /lib/tls/i686/cmov/libnsl-2.11.1.so
b6914000-b6915000 r-xp 00012000 08:01 266731     /lib/tls/i686/cmov/libnsl-2.11.1.so
b6915000-b6916000 rwxp 00013000 08:01 266731     /lib/tls/i686/cmov/libnsl-2.11.1.so
b6916000-b6918000 rwxp 00000000 00:00 0 
b6918000-b691a000 r-xp 00000000 08:01 393373     /home/lzero/Workspace_C/TestJNI/libTmsCheckLimited.so
b691a000-b691b000 r-xp 00001000 08:01 393373     /home/lzero/Workspace_C/TestJNI/libTmsCheckLimited.so
b691b000-b691c000 rwxp 00002000 08:01 393373     /home/lzero/Workspace_C/TestJNI/libTmsCheckLimited.so
b691c000-b6922000 r-xp 00000000 08:01 266733     /lib/tls/i686/cmov/libnss_compat-2.11.1.so
b6922000-b6923000 r-xp 00006000 08:01 266733     /lib/tls/i686/cmov/libnss_compat-2.11.1.so
b6923000-b6924000 rwxp 00007000 08:01 266733     /lib/tls/i686/cmov/libnss_compat-2.11.1.so
b6924000-b6925000 rwxp 00000000 00:00 0 
b6925000-b6926000 r-xp 00000000 00:00 0 
b6926000-b6949000 r-xp 00000000 08:01 267824     /home/lzero/jdk1.6.0_32/jre/lib/i386/libjava.so
b6949000-b694b000 rwxp 00023000 08:01 267824     /home/lzero/jdk1.6.0_32/jre/lib/i386/libjava.so
b694b000-b6952000 r-xp 00000000 08:01 266750     /lib/tls/i686/cmov/librt-2.11.1.so
b6952000-b6953000 r-xp 00006000 08:01 266750     /lib/tls/i686/cmov/librt-2.11.1.so
b6953000-b6954000 rwxp 00007000 08:01 266750     /lib/tls/i686/cmov/librt-2.11.1.so
b6954000-b6957000 ---p 00000000 00:00 0 
b6957000-b69a5000 rwxp 00000000 00:00 0          [threadstack:0004d494]
b69a5000-b69c9000 r-xp 00000000 08:01 266728     /lib/tls/i686/cmov/libm-2.11.1.so
b69c9000-b69ca000 r-xp 00023000 08:01 266728     /lib/tls/i686/cmov/libm-2.11.1.so
b69ca000-b69cb000 rwxp 00024000 08:01 266728     /lib/tls/i686/cmov/libm-2.11.1.so
b69cb000-b717e000 r-xp 00000000 08:01 267812     /home/lzero/jdk1.6.0_32/jre/lib/i386/server/libjvm.so
b717e000-b71d2000 rwxp 007b3000 08:01 267812     /home/lzero/jdk1.6.0_32/jre/lib/i386/server/libjvm.so
b71d2000-b75f1000 rwxp 00000000 00:00 0 
b75f1000-b7744000 r-xp 00000000 08:01 266720     /lib/tls/i686/cmov/libc-2.11.1.so
b7744000-b7745000 ---p 00153000 08:01 266720     /lib/tls/i686/cmov/libc-2.11.1.so
b7745000-b7747000 r-xp 00153000 08:01 266720     /lib/tls/i686/cmov/libc-2.11.1.so
b7747000-b7748000 rwxp 00155000 08:01 266720     /lib/tls/i686/cmov/libc-2.11.1.so
b7748000-b774b000 rwxp 00000000 00:00 0 
b774b000-b774d000 r-xp 00000000 08:01 266726     /lib/tls/i686/cmov/libdl-2.11.1.so
b774d000-b774e000 r-xp 00001000 08:01 266726     /lib/tls/i686/cmov/libdl-2.11.1.so
b774e000-b774f000 rwxp 00002000 08:01 266726     /lib/tls/i686/cmov/libdl-2.11.1.so
b774f000-b7756000 r-xp 00000000 08:01 267826     /home/lzero/jdk1.6.0_32/jre/lib/i386/jli/libjli.so
b7756000-b7758000 rwxp 00006000 08:01 267826     /home/lzero/jdk1.6.0_32/jre/lib/i386/jli/libjli.so
b7758000-b7759000 rwxp 00000000 00:00 0 
b7759000-b776e000 r-xp 00000000 08:01 266746     /lib/tls/i686/cmov/libpthread-2.11.1.so
b776e000-b776f000 r-xp 00014000 08:01 266746     /lib/tls/i686/cmov/libpthread-2.11.1.so
b776f000-b7770000 rwxp 00015000 08:01 266746     /lib/tls/i686/cmov/libpthread-2.11.1.so
b7770000-b7772000 rwxp 00000000 00:00 0 
b7774000-b777f000 r-xp 00000000 08:01 267823     /home/lzero/jdk1.6.0_32/jre/lib/i386/libverify.so
b777f000-b7780000 rwxp 0000b000 08:01 267823     /home/lzero/jdk1.6.0_32/jre/lib/i386/libverify.so
b7780000-b7782000 rwxp 00000000 00:00 0 
b7782000-b7783000 r-xp 00000000 00:00 0          [vdso]
b7783000-b779e000 r-xp 00000000 08:01 262324     /lib/ld-2.11.1.so
b779e000-b779f000 r-xp 0001a000 08:01 262324     /lib/ld-2.11.1.so
b779f000-b77a0000 rwxp 0001b000 08:01 262324     /lib/ld-2.11.1.so
bf8b9000-bf8ce000 rwxp 00000000 00:00 0          [stack]

VM Arguments:
jvm_args: -Dfile.encoding=UTF-8 
java_command: com.test.des.DesTest
Launcher Type: SUN_STANDARD

Environment Variables:
JAVA_HOME=/home/lzero/jdk1.6.0_32
CLASSPATH=.:/home/lzero/jdk1.6.0_32/lib
PATH=/usr/local/sbin:/usr/local/bin:/usr/sbin:/usr/bin:/sbin:/bin:/usr/games:/home/lzero/jdk1.6.0_32/bin
USERNAME=lzero
LD_LIBRARY_PATH=/home/lzero/jdk1.6.0_32/jre/lib/i386/server:/home/lzero/jdk1.6.0_32/jre/lib/i386:/home/lzero/jdk1.6.0_32/jre/../lib/i386:/home/lzero/jdk1.6.0_32/jre/lib/i386/client:/home/lzero/jdk1.6.0_32/jre/lib/i386:
SHELL=/bin/bash
DISPLAY=:0.0

Signal Handlers:
SIGSEGV: [libjvm.so+0x726440], sa_mask[0]=0x7ffbfeff, sa_flags=0x10000004
SIGBUS: [libjvm.so+0x726440], sa_mask[0]=0x7ffbfeff, sa_flags=0x10000004
SIGFPE: [libjvm.so+0x5e0ff0], sa_mask[0]=0x7ffbfeff, sa_flags=0x10000004
SIGPIPE: [libjvm.so+0x5e0ff0], sa_mask[0]=0x7ffbfeff, sa_flags=0x10000004
SIGXFSZ: [libjvm.so+0x5e0ff0], sa_mask[0]=0x7ffbfeff, sa_flags=0x10000004
SIGILL: [libjvm.so+0x5e0ff0], sa_mask[0]=0x7ffbfeff, sa_flags=0x10000004
SIGUSR1: SIG_DFL, sa_mask[0]=0x00000000, sa_flags=0x00000000
SIGUSR2: [libjvm.so+0x5e4250], sa_mask[0]=0x00000004, sa_flags=0x10000004
SIGHUP: [libjvm.so+0x5e3e30], sa_mask[0]=0x7ffbfeff, sa_flags=0x10000004
SIGINT: [libjvm.so+0x5e3e30], sa_mask[0]=0x7ffbfeff, sa_flags=0x10000004
SIGTERM: [libjvm.so+0x5e3e30], sa_mask[0]=0x7ffbfeff, sa_flags=0x10000004
SIGQUIT: [libjvm.so+0x5e3e30], sa_mask[0]=0x7ffbfeff, sa_flags=0x10000004


---------------  S Y S T E M  ---------------

OS:squeeze/sid

uname:Linux 2.6.32-21-generic #32-Ubuntu SMP Fri Apr 16 08:10:02 UTC 2010 i686
libc:glibc 2.11.1 NPTL 2.11.1 
rlimit: STACK 8192k, CORE 0k, NPROC infinity, NOFILE 65535, AS infinity
load average:0.33 0.34 0.22

/proc/meminfo:
MemTotal:        3096476 kB
MemFree:         1726108 kB
Buffers:          207252 kB
Cached:           688568 kB
SwapCached:            0 kB
Active:           786784 kB
Inactive:         504908 kB
Active(anon):     402792 kB
Inactive(anon):       16 kB
Active(file):     383992 kB
Inactive(file):   504892 kB
Unevictable:           0 kB
Mlocked:               0 kB
HighTotal:       2236296 kB
HighFree:        1143032 kB
LowTotal:         860180 kB
LowFree:          583076 kB
SwapTotal:        916472 kB
SwapFree:         916472 kB
Dirty:              1128 kB
Writeback:             0 kB
AnonPages:        395740 kB
Mapped:           102604 kB
Shmem:              6940 kB
Slab:              61452 kB
SReclaimable:      51180 kB
SUnreclaim:        10272 kB
KernelStack:        2400 kB
PageTables:         5676 kB
NFS_Unstable:          0 kB
Bounce:                0 kB
WritebackTmp:          0 kB
CommitLimit:     2464708 kB
Committed_AS:    1076664 kB
VmallocTotal:     122880 kB
VmallocUsed:        6888 kB
VmallocChunk:     110796 kB
HardwareCorrupted:     0 kB
HugePages_Total:       0
HugePages_Free:        0
HugePages_Rsvd:        0
HugePages_Surp:        0
Hugepagesize:       4096 kB
DirectMap4k:       16376 kB
DirectMap4M:      892928 kB


CPU:total 2 (1 cores per cpu, 1 threads per core) family 6 model 42 stepping 7, cmov, cx8, fxsr, mmx, sse, sse2, sse3, ssse3, sse4.1, sse4.2, popcnt

/proc/cpuinfo:
processor	: 0
vendor_id	: GenuineIntel
cpu family	: 6
model		: 42
model name	: Intel(R) Core(TM) i5-2300 CPU @ 2.80GHz
stepping	: 7
cpu MHz		: 3001.000
cache size	: 6144 KB
fdiv_bug	: no
hlt_bug		: no
f00f_bug	: no
coma_bug	: no
fpu		: yes
fpu_exception	: yes
cpuid level	: 13
wp		: yes
flags		: fpu vme de pse tsc msr pae mce cx8 apic mtrr pge mca cmov pat pse36 clflush dts mmx fxsr sse sse2 ss nx rdtscp lm constant_tsc arch_perfmon pebs bts xtopology tsc_reliable nonstop_tsc aperfmperf pni pclmulqdq ssse3 cx16 sse4_1 sse4_2 x2apic popcnt aes xsave avx hypervisor lahf_lm ida arat
bogomips	: 6002.00
clflush size	: 64
cache_alignment	: 64
address sizes	: 40 bits physical, 48 bits virtual
power management:

processor	: 1
vendor_id	: GenuineIntel
cpu family	: 6
model		: 42
model name	: Intel(R) Core(TM) i5-2300 CPU @ 2.80GHz
stepping	: 7
cpu MHz		: 3001.000
cache size	: 6144 KB
fdiv_bug	: no
hlt_bug		: no
f00f_bug	: no
coma_bug	: no
fpu		: yes
fpu_exception	: yes
cpuid level	: 13
wp		: yes
flags		: fpu vme de pse tsc msr pae mce cx8 apic mtrr pge mca cmov pat pse36 clflush dts mmx fxsr sse sse2 ss nx rdtscp lm constant_tsc arch_perfmon pebs bts xtopology tsc_reliable nonstop_tsc aperfmperf pni pclmulqdq ssse3 cx16 sse4_1 sse4_2 x2apic popcnt aes xsave avx hypervisor lahf_lm ida arat
bogomips	: 6024.17
clflush size	: 64
cache_alignment	: 64
address sizes	: 40 bits physical, 48 bits virtual
power management:



Memory: 4k page, physical 3096476k(1726108k free), swap 916472k(916472k free)

vm_info: Java HotSpot(TM) Server VM (20.7-b02) for linux-x86 JRE (1.6.0_32-b05), built on Apr  5 2012 12:54:54 by "java_re" with gcc 3.2.1-7a (J2SE release)

time: Mon Oct 22 15:02:57 2012
elapsed time: 0 seconds

